var arr = [10,20,30];
undefined
var emp = {id:1001, name:'Ram',salary:9000};
undefined
typeof arr;
"object"
typeof emp;
"object"
var x = 100;
undefined
var y = x;
undefined
++y;
101
x;
100
var name = "Amit";
undefined
var x1 = name.toUpperCase();
undefined
x1;
"AMIT"
name;
"Amit"
var arr = [10,90,2,1000];
undefined
arr.sort();
(4) [10, 1000, 2, 90]
arr;
(4) [10, 1000, 2, 90]
var v = [9,10,20,1,4];
undefined
var f = [...v];
undefined
v;
(5) [9, 10, 20, 1, 4]
f;
(5) [9, 10, 20, 1, 4]
f.sort();
(5) [1, 10, 20, 4, 9]
f;
(5) [1, 10, 20, 4, 9]
v;
(5) [9, 10, 20, 1, 4]
name;
"Amit"
name.toUpperCase();
"AMIT"
name = name.toUpperCase();
"AMIT"
name;
"AMIT"
var price = 9000.90;
undefined
price * 0.18;
1620.1619999999998
price.toLocaleString('hi-IN');
"9,000.9"
price.toLocaleString('fr-FR');
"9 000,9"
price;
9000.9
var obj = {id:1001, name:'Ram',salary:9999};
undefined
var obj2 = obj;
undefined
obj2.salary = 3243234;
3243234
obj;
{id: 1001, name: "Ram", salary: 3243234}
var obj3 = {...obj};
undefined
obj3;
{id: 1001, name: "Ram", salary: 3243234}
obj3.salary = 78787;
78787
obj;
{id: 1001, name: "Ram", salary: 3243234}
obj3;
{id: 1001, name: "Ram", salary: 78787}
var r = Object.assign({bonus:434},obj);
undefined
r;
{bonus: 434, id: 1001, name: "Ram", salary: 3243234}
r.salary = 11111;
11111
obj;
{id: 1001, name: "Ram", salary: 3243234}
r;
{bonus: 434, id: 1001, name: "Ram", salary: 11111}
var f = [1000,2000,300];
undefined
var f2 = [...f,78,565];
undefined
var f3 = [...f2];
undefined
f3;
(5) [1000, 2000, 300, 78, 565]0: 10001: 20002: 3003: 784: 565length: 5__proto__: Array(0)
var x= 1000;
function test(a,b){
    return a + b + x;
}
undefined
test(10,20);
1030
x = 89898;
89898
test(10,20);
89928
x= "One";
"One"
test(10,20);
"30One"
x=undefined;
undefined
test(10,20);
NaN
var products = [{id:1001,name:'Nokia',price:2222},{id:90,name:'Apple',price:3334},{id:77,name:'LG',price:1111}];
undefined
products.sort();
(3) [{…}, {…}, {…}]0: {id: 1001, name: "Nokia", price: 2222}1: {id: 90, name: "Apple", price: 3334}2: {id: 77, name: "LG", price: 1111}length: 3__proto__: Array(0)
products.sort((first,second)=>first.price-second.price);
(3) [{…}, {…}, {…}]0: {id: 77, name: "LG", price: 1111}1: {id: 1001, name: "Nokia", price: 2222}2: {id: 90, name: "Apple", price: 3334}length: 3__proto__: Array(0)
products.sort((first,second)=>second.price-first.price);
(3) [{…}, {…}, {…}]0: {id: 90, name: "Apple", price: 3334}1: {id: 1001, name: "Nokia", price: 2222}2: {id: 77, name: "LG", price: 1111}length: 3__proto__: Array(0)
products;
(3) [{…}, {…}, {…}]0: {id: 90, name: "Apple", price: 3334}1: {id: 1001, name: "Nokia", price: 2222}2: {id: 77, name: "LG", price: 1111}length: 3__proto__: Array(0)
products.filter(product=>product.price>2000);
(2) [{…}, {…}]0: {id: 90, name: "Apple", price: 3334}1: {id: 1001, name: "Nokia", price: 2222}length: 2__proto__: Array(0)
products.filter(product=>true);
(3) [{…}, {…}, {…}]0: {id: 90, name: "Apple", price: 3334}1: {id: 1001, name: "Nokia", price: 2222}2: {id: 77, name: "LG", price: 1111}length: 3__proto__: Array(0)
var f = products.filter(product=>true);
undefined
f;
(3) [{…}, {…}, {…}]
f[0].price;
3334
products[0].price;
3334
f[0].price=43434;
43434
products[0].price;
43434
"Amit".localeCompare("Anil");
-1
"Arun".localeCompare("Anil");
1
products.sort((a,b)=>a.name.localeCompare(b.name));
(3) [{…}, {…}, {…}]0: {id: 90, name: "Apple", price: 43434}1: {id: 77, name: "LG", price: 1111}2: {id: 1001, name: "Nokia", price: 2222}length: 3__proto__: Array(0)
products.sort((a,b)=>b.name.localeCompare(a.name));
(3) [{…}, {…}, {…}]0: {id: 1001, name: "Nokia", price: 2222}1: {id: 77, name: "LG", price: 1111}2: {id: 90, name: "Apple", price: 43434}length: 3__proto__: Array(0)
products.find(product=>product.id==1001);
{id: 1001, name: "Nokia", price: 2222}
products.find(product=>product.id==10010);
undefined
products.findIndex(product=>product.id==10010);
-1
products.findIndex(product=>product.id==1001);
0
products.map(product=>product.price + product.price*0.18);
(3) [2621.96, 1310.98, 51252.12]
products.map(product=>{product.id,product.name,product.price});
(3) [undefined, undefined, undefined]
products;
(3) [{…}, {…}, {…}]0: {id: 1001, name: "Nokia", price: 2222}1: {id: 77, name: "LG", price: 1111}2: {id: 90, name: "Apple", price: 43434}length: 3__proto__: Array(0)
products.map(product=>{
var newProduct = {product.id, product.name, (product.price + product.price * 0.18)};
return newProduct;
});
VM3582:2 Uncaught SyntaxError: Unexpected token '.'
products.map(product=>{
var price = product.price + product.price * 0.18;
var newProduct = {product.id, product.name, price};
return newProduct;
});
VM3606:3 Uncaught SyntaxError: Unexpected token '.'
products.map(product=>{
var price = product.price + product.price * 0.18;
var newProduct = {'id':product.id, 'name':product.name,'price':price};
return newProduct;
});
(3) [{…}, {…}, {…}]0: {id: 1001, name: "Nokia", price: 2621.96}1: {id: 77, name: "LG", price: 1310.98}2: {id: 90, name: "Apple", price: 51252.12}length: 3__proto__: Array(0)
var id = 1001;
undefined
var name = 'Ram';
undefined
var x = {id, name};
undefined
x;
{id: 1001, name: "Ram"}
var dd = [10000,23243,534534,534646];
undefined
dd.map(e=>`Rs ${e}.00`);
(4) ["Rs 10000.00", "Rs 23243.00", "Rs 534534.00", "Rs 534646.00"]
dd;
(4) [10000, 23243, 534534, 534646]
products;
(3) [{…}, {…}, {…}]0: {id: 1001, name: "Nokia", price: 2222}1: {id: 77, name: "LG", price: 1111}2: {id: 90, name: "Apple", price: 43434}length: 3__proto__: Array(0)
console.log(products);
VM4012:1 (3) [{…}, {…}, {…}]
undefined
console.table(products);
VM4079:1 (index)idnameprice(index)idnameprice01001"Nokia"2222177"LG"1111290"Apple"43434Array(3)
undefined
